<?xml version="1.0" encoding="utf-8"?><testsuites name="pytest tests"><testsuite name="pytest" errors="0" failures="0" skipped="0" tests="38" time="13.923" timestamp="2026-05-06T14:26:26.828819+00:00" hostname="agent-env-8498b023-919f-4cfb-aa4d-09542ccd8ec6"><testcase classname="backend.tests.backend_test" name="test_health" time="0.525" /><testcase classname="backend.tests.backend_test.TestAuth" name="test_admin_login" time="0.505" /><testcase classname="backend.tests.backend_test.TestAuth" name="test_player_login" time="0.440" /><testcase classname="backend.tests.backend_test.TestAuth" name="test_register_player_succeeds" time="0.339" /><testcase classname="backend.tests.backend_test.TestAuth" name="test_register_coach_succeeds" time="0.508" /><testcase classname="backend.tests.backend_test.TestAuth" name="test_register_blocked_roles[admin]" time="0.284" /><testcase classname="backend.tests.backend_test.TestAuth" name="test_register_blocked_roles[turf_owner]" time="0.244" /><testcase classname="backend.tests.backend_test.TestAuth" name="test_register_blocked_roles[referee]" time="0.283" /><testcase classname="backend.tests.backend_test.TestAuth" name="test_login_bad_password" time="0.514" /><testcase classname="backend.tests.backend_test.TestAuth" name="test_protected_without_token" time="0.269" /><testcase classname="backend.tests.backend_test.TestAuth" name="test_admin_endpoint_with_player_token" time="0.828" /><testcase classname="backend.tests.backend_test.TestAdminCreateUser" name="test_create_turf_owner" time="0.906" /><testcase classname="backend.tests.backend_test.TestAdminCreateUser" name="test_create_referee" time="0.428" /><testcase classname="backend.tests.backend_test.TestAdminCreateUser" name="test_create_user_blocked_roles[player]" time="0.247" /><testcase classname="backend.tests.backend_test.TestAdminCreateUser" name="test_create_user_blocked_roles[coach]" time="0.217" /><testcase classname="backend.tests.backend_test.TestAdminCreateUser" name="test_create_user_blocked_roles[admin]" time="0.110" /><testcase classname="backend.tests.backend_test.TestAdminCreateUser" name="test_non_admin_cannot_create" time="0.188" /><testcase classname="backend.tests.backend_test.TestAdminStats" name="test_stats" time="0.123" /><testcase classname="backend.tests.backend_test.TestAdminStats" name="test_seed_idempotent" time="0.630" /><testcase classname="backend.tests.backend_test.TestPosts" name="test_list_posts_no_objectid" time="0.177" /><testcase classname="backend.tests.backend_test.TestPosts" name="test_create_and_react" time="0.728" /><testcase classname="backend.tests.backend_test.TestMatchPipeline" name="test_start_match" time="0.616" /><testcase classname="backend.tests.backend_test.TestMatchPipeline" name="test_goal_increments_score" time="0.737" /><testcase classname="backend.tests.backend_test.TestMatchPipeline" name="test_manual_foul_event" time="0.245" /><testcase classname="backend.tests.backend_test.TestMatchPipeline" name="test_offside_check" time="0.941" /><testcase classname="backend.tests.backend_test.TestMatchPipeline" name="test_broadcast_feed" time="0.188" /><testcase classname="backend.tests.backend_test.TestMatchPipeline" name="test_complete_match" time="0.312" /><testcase classname="backend.tests.backend_test.TestMatchPipeline" name="test_analysis" time="0.146" /><testcase classname="backend.tests.backend_test.TestMatchPipeline" name="test_non_admin_cannot_start" time="0.288" /><testcase classname="backend.tests.backend_test.TestExplore" name="test_explore_endpoint[coaches]" time="0.198" /><testcase classname="backend.tests.backend_test.TestExplore" name="test_explore_endpoint[leaderboard]" time="0.221" /><testcase classname="backend.tests.backend_test.TestExplore" name="test_explore_endpoint[teams]" time="0.183" /><testcase classname="backend.tests.backend_test.TestExplore" name="test_explore_endpoint[partners]" time="0.187" /><testcase classname="backend.tests.backend_test.TestExplore" name="test_explore_endpoint[drills]" time="0.189" /><testcase classname="backend.tests.backend_test.TestExplore" name="test_explore_endpoint[events]" time="0.239" /><testcase classname="backend.tests.backend_test.TestExplore" name="test_explore_endpoint[trophies]" time="0.227" /><testcase classname="backend.tests.backend_test.TestExplore" name="test_explore_endpoint[tournaments]" time="0.173" /><testcase classname="backend.tests.backend_test.TestExplore" name="test_explore_endpoint[turfs]" time="0.265" /></testsuite></testsuites>